[2017-08-09 10:13:38.330] [ERROR] errorLogger - 
***************  node error log start ***************
request url: /adminGroup/addOne
request method: POST
request client ip:  ::ffff:127.0.0.1
err name: Error
err message: Can't set headers after they are sent.
err stack: Error: Can't set headers after they are sent.
    at ServerResponse.setHeader (_http_outgoing.js:371:11)
    at ServerResponse.header (/Users/xiaoshen746/Documents/doraPro/new3/doracms2-0/node_modules/.4.15.3@express/lib/response.js:730:10)
    at ServerResponse.send (/Users/xiaoshen746/Documents/doraPro/new3/doracms2-0/node_modules/.4.15.3@express/lib/response.js:170:12)
    at ServerResponse.json (/Users/xiaoshen746/Documents/doraPro/new3/doracms2-0/node_modules/.4.15.3@express/lib/response.js:256:15)
    at ServerResponse.send (/Users/xiaoshen746/Documents/doraPro/new3/doracms2-0/node_modules/.4.15.3@express/lib/response.js:158:21)
    at form.parse (/Users/xiaoshen746/Documents/doraPro/new3/doracms2-0/server/lib/controller/adminGroup.js:92:21)
    at process._tickCallback (internal/process/next_tick.js:109:7)
***************  node  error log end ***************

[2017-08-09 10:19:52.545] [ERROR] errorLogger - 
***************  node error log start ***************
request url: /adminGroup/addOne
request method: POST
request client ip:  ::ffff:127.0.0.1
err name: Error
err message: Can't set headers after they are sent.
err stack: Error: Can't set headers after they are sent.
    at ServerResponse.setHeader (_http_outgoing.js:371:11)
    at ServerResponse.header (/Users/xiaoshen746/Documents/doraPro/new3/doracms2-0/node_modules/.4.15.3@express/lib/response.js:730:10)
    at ServerResponse.send (/Users/xiaoshen746/Documents/doraPro/new3/doracms2-0/node_modules/.4.15.3@express/lib/response.js:170:12)
    at ServerResponse.json (/Users/xiaoshen746/Documents/doraPro/new3/doracms2-0/node_modules/.4.15.3@express/lib/response.js:256:15)
    at ServerResponse.send (/Users/xiaoshen746/Documents/doraPro/new3/doracms2-0/node_modules/.4.15.3@express/lib/response.js:158:21)
    at form.parse (/Users/xiaoshen746/Documents/doraPro/new3/doracms2-0/server/lib/controller/adminGroup.js:93:21)
    at process._tickCallback (internal/process/next_tick.js:109:7)
***************  node  error log end ***************

[2017-08-09 10:27:49.887] [ERROR] errorLogger - 
***************  node error log start ***************
request url: /adminGroup/addOne
request method: POST
request client ip:  ::ffff:127.0.0.1
err name: Error
err message: Can't set headers after they are sent.
err stack: Error: Can't set headers after they are sent.
    at ServerResponse.setHeader (_http_outgoing.js:371:11)
    at ServerResponse.header (/Users/xiaoshen746/Documents/doraPro/new3/doracms2-0/node_modules/.4.15.3@express/lib/response.js:730:10)
    at ServerResponse.send (/Users/xiaoshen746/Documents/doraPro/new3/doracms2-0/node_modules/.4.15.3@express/lib/response.js:170:12)
    at ServerResponse.json (/Users/xiaoshen746/Documents/doraPro/new3/doracms2-0/node_modules/.4.15.3@express/lib/response.js:256:15)
    at ServerResponse.send (/Users/xiaoshen746/Documents/doraPro/new3/doracms2-0/node_modules/.4.15.3@express/lib/response.js:158:21)
    at form.parse (/Users/xiaoshen746/Documents/doraPro/new3/doracms2-0/server/lib/controller/adminGroup.js:94:21)
    at process._tickCallback (internal/process/next_tick.js:109:7)
***************  node  error log end ***************

[2017-08-09 10:32:55.705] [ERROR] errorLogger - 
***************  node error log start ***************
request url: /adminGroup/addOne
request method: POST
request client ip:  ::ffff:127.0.0.1
err name: Error
err message: Can't set headers after they are sent.
err stack: Error: Can't set headers after they are sent.
    at ServerResponse.setHeader (_http_outgoing.js:371:11)
    at ServerResponse.header (/Users/xiaoshen746/Documents/doraPro/new3/doracms2-0/node_modules/.4.15.3@express/lib/response.js:730:10)
    at ServerResponse.send (/Users/xiaoshen746/Documents/doraPro/new3/doracms2-0/node_modules/.4.15.3@express/lib/response.js:170:12)
    at ServerResponse.json (/Users/xiaoshen746/Documents/doraPro/new3/doracms2-0/node_modules/.4.15.3@express/lib/response.js:256:15)
    at ServerResponse.send (/Users/xiaoshen746/Documents/doraPro/new3/doracms2-0/node_modules/.4.15.3@express/lib/response.js:158:21)
    at form.parse (/Users/xiaoshen746/Documents/doraPro/new3/doracms2-0/server/lib/controller/adminGroup.js:94:21)
    at process._tickCallback (internal/process/next_tick.js:109:7)
***************  node  error log end ***************

[2017-08-09 10:33:17.793] [ERROR] errorLogger - 
***************  node error log start ***************
request url: /adminGroup/addOne
request method: POST
request client ip:  ::ffff:127.0.0.1
err name: Error
err message: Can't set headers after they are sent.
err stack: Error: Can't set headers after they are sent.
    at ServerResponse.setHeader (_http_outgoing.js:371:11)
    at ServerResponse.header (/Users/xiaoshen746/Documents/doraPro/new3/doracms2-0/node_modules/.4.15.3@express/lib/response.js:730:10)
    at ServerResponse.send (/Users/xiaoshen746/Documents/doraPro/new3/doracms2-0/node_modules/.4.15.3@express/lib/response.js:170:12)
    at ServerResponse.json (/Users/xiaoshen746/Documents/doraPro/new3/doracms2-0/node_modules/.4.15.3@express/lib/response.js:256:15)
    at ServerResponse.send (/Users/xiaoshen746/Documents/doraPro/new3/doracms2-0/node_modules/.4.15.3@express/lib/response.js:158:21)
    at form.parse (/Users/xiaoshen746/Documents/doraPro/new3/doracms2-0/server/lib/controller/adminGroup.js:94:21)
    at process._tickCallback (internal/process/next_tick.js:109:7)
***************  node  error log end ***************

[2017-08-09 10:39:20.200] [ERROR] errorLogger - 
***************  node error log start ***************
request url: /adminGroup/addOne
request method: POST
request client ip:  ::ffff:127.0.0.1
err name: Error
err message: Can't set headers after they are sent.
err stack: Error: Can't set headers after they are sent.
    at ServerResponse.setHeader (_http_outgoing.js:371:11)
    at ServerResponse.header (/Users/xiaoshen746/Documents/doraPro/new3/doracms2-0/node_modules/.4.15.3@express/lib/response.js:730:10)
    at ServerResponse.send (/Users/xiaoshen746/Documents/doraPro/new3/doracms2-0/node_modules/.4.15.3@express/lib/response.js:170:12)
    at ServerResponse.json (/Users/xiaoshen746/Documents/doraPro/new3/doracms2-0/node_modules/.4.15.3@express/lib/response.js:256:15)
    at ServerResponse.send (/Users/xiaoshen746/Documents/doraPro/new3/doracms2-0/node_modules/.4.15.3@express/lib/response.js:158:21)
    at form.parse (/Users/xiaoshen746/Documents/doraPro/new3/doracms2-0/server/lib/controller/adminGroup.js:94:21)
    at process._tickCallback (internal/process/next_tick.js:109:7)
***************  node  error log end ***************

[2017-08-09 10:39:53.291] [ERROR] errorLogger - 
***************  node error log start ***************
request url: /adminGroup/addOne
request method: POST
request client ip:  ::ffff:127.0.0.1
err name: Error
err message: Can't set headers after they are sent.
err stack: Error: Can't set headers after they are sent.
    at ServerResponse.setHeader (_http_outgoing.js:371:11)
    at ServerResponse.header (/Users/xiaoshen746/Documents/doraPro/new3/doracms2-0/node_modules/.4.15.3@express/lib/response.js:730:10)
    at ServerResponse.send (/Users/xiaoshen746/Documents/doraPro/new3/doracms2-0/node_modules/.4.15.3@express/lib/response.js:170:12)
    at ServerResponse.json (/Users/xiaoshen746/Documents/doraPro/new3/doracms2-0/node_modules/.4.15.3@express/lib/response.js:256:15)
    at ServerResponse.send (/Users/xiaoshen746/Documents/doraPro/new3/doracms2-0/node_modules/.4.15.3@express/lib/response.js:158:21)
    at form.parse (/Users/xiaoshen746/Documents/doraPro/new3/doracms2-0/server/lib/controller/adminGroup.js:94:21)
    at process._tickCallback (internal/process/next_tick.js:109:7)
***************  node  error log end ***************

[2017-08-09 10:41:41.330] [ERROR] errorLogger - 
***************  node error log start ***************
request url: /adminGroup/addOne
request method: POST
request client ip:  ::ffff:127.0.0.1
err name: Error
err message: Can't set headers after they are sent.
err stack: Error: Can't set headers after they are sent.
    at ServerResponse.setHeader (_http_outgoing.js:371:11)
    at ServerResponse.header (/Users/xiaoshen746/Documents/doraPro/new3/doracms2-0/node_modules/.4.15.3@express/lib/response.js:730:10)
    at ServerResponse.send (/Users/xiaoshen746/Documents/doraPro/new3/doracms2-0/node_modules/.4.15.3@express/lib/response.js:170:12)
    at ServerResponse.json (/Users/xiaoshen746/Documents/doraPro/new3/doracms2-0/node_modules/.4.15.3@express/lib/response.js:256:15)
    at ServerResponse.send (/Users/xiaoshen746/Documents/doraPro/new3/doracms2-0/node_modules/.4.15.3@express/lib/response.js:158:21)
    at form.parse (/Users/xiaoshen746/Documents/doraPro/new3/doracms2-0/server/lib/controller/adminGroup.js:79:21)
    at process._tickCallback (internal/process/next_tick.js:109:7)
***************  node  error log end ***************

